<?xml version="1.0" encoding="UTF-8"?>
<!-- Generated by org.testng.reporters.JUnitReportReporter -->
<testsuite hostname="DESKTOP-LQ8JB3O" failures="0" tests="1" name="runner.RunTest" time="29.487" errors="0" timestamp="2022-03-14T13:11:12 IST" skipped="0">
  <testcase classname="runner.RunTest" name="runScenario" time="29.487"/>
  <system-out/>
</testsuite> <!-- runner.RunTest -->
